	.text
	.syntax unified
	.eabi_attribute	67, "2.09"	@ Tag_conformance
	.cpu	cortex-m55
	.eabi_attribute	6, 21	@ Tag_CPU_arch
	.eabi_attribute	7, 77	@ Tag_CPU_arch_profile
	.eabi_attribute	8, 0	@ Tag_ARM_ISA_use
	.eabi_attribute	9, 3	@ Tag_THUMB_ISA_use
	.fpu	fpv5-d16
	.eabi_attribute	36, 1	@ Tag_FP_HP_extension
	.eabi_attribute	48, 2	@ Tag_MVE_arch
	.eabi_attribute	46, 1	@ Tag_DSP_extension
	.eabi_attribute	34, 1	@ Tag_CPU_unaligned_access
	.eabi_attribute	17, 1	@ Tag_ABI_PCS_GOT_use
	.eabi_attribute	20, 2	@ Tag_ABI_FP_denormal
	.eabi_attribute	21, 0	@ Tag_ABI_FP_exceptions
	.eabi_attribute	23, 1	@ Tag_ABI_FP_number_model
	.eabi_attribute	24, 1	@ Tag_ABI_align_needed
	.eabi_attribute	25, 1	@ Tag_ABI_align_preserved
	.eabi_attribute	28, 1	@ Tag_ABI_VFP_args
	.eabi_attribute	38, 1	@ Tag_ABI_FP_16bit_format
	.eabi_attribute	18, 2	@ Tag_ABI_PCS_wchar_t
	.eabi_attribute	26, 1	@ Tag_ABI_enum_size
	.eabi_attribute	14, 0	@ Tag_ABI_PCS_R9_use
	.file	"InputFiles.cpp"
	.file	1 "C:\\Users\\cychen38\\Desktop\\M55M1BSP\\SampleCode\\MachineLearning\\ObjectDetection_FreeRTOS_yoloxn\\KEIL" "../Pattern/InputFiles.cpp"
	.file	2 "C:\\Keil_v5\\ARM\\ARMCLANG\\Bin\\..\\include" "stdint.h"
	.file	3 "C:\\Keil_v5\\ARM\\ARMCLANG\\Bin\\..\\include\\libcxx" "cstdint"
	.section	.text._Z12get_filenamej,"ax",%progbits
	.hidden	_Z12get_filenamej               @ -- Begin function _Z12get_filenamej
	.globl	_Z12get_filenamej
	.p2align	2
	.type	_Z12get_filenamej,%function
	.code	16                              @ @_Z12get_filenamej
	.thumb_func
_Z12get_filenamej:
.Lfunc_begin0:
	.loc	1 39 0                          @ ../Pattern/InputFiles.cpp:39:0
	.fnstart
	.cfi_sections .debug_frame
	.cfi_startproc
@ %bb.0:
	@DEBUG_VALUE: get_filename:idx <- $r0
	.loc	1 0 0 is_stmt 0                 @ ../Pattern/InputFiles.cpp:0:0
	adr	r1, .LCPI0_0
	cmp	r0, #0
	it	ne
	movne	r1, #0
	.loc	1 46 1 prologue_end is_stmt 1   @ ../Pattern/InputFiles.cpp:46:1
	mov	r0, r1
.Ltmp0:
	@DEBUG_VALUE: get_filename:idx <- [DW_OP_LLVM_entry_value 1] $r0
	bx	lr
.Ltmp1:
	.p2align	2
@ %bb.1:
	.loc	1 0 1 is_stmt 0                 @ ../Pattern/InputFiles.cpp:0:1
.LCPI0_0:
.L.str:
	.asciz	"WIN_20240531_13_48_13_Pro_jpg\000\000"
.Lfunc_end0:
	.size	_Z12get_filenamej, .Lfunc_end0-_Z12get_filenamej
	.cfi_endproc
	.cantunwind
	.fnend
                                        @ -- End function
	.section	.text._Z13get_img_arrayj,"ax",%progbits
	.hidden	_Z13get_img_arrayj              @ -- Begin function _Z13get_img_arrayj
	.globl	_Z13get_img_arrayj
	.p2align	2
	.type	_Z13get_img_arrayj,%function
	.code	16                              @ @_Z13get_img_arrayj
	.thumb_func
_Z13get_img_arrayj:
.Lfunc_begin1:
	.loc	1 50 0 is_stmt 1                @ ../Pattern/InputFiles.cpp:50:0
	.fnstart
	.cfi_startproc
@ %bb.0:
	@DEBUG_VALUE: get_img_array:idx <- $r0
	.loc	1 0 0 is_stmt 0                 @ ../Pattern/InputFiles.cpp:0:0
	movw	r1, :lower16:im0
	cmp	r0, #0
	movt	r1, :upper16:im0
	it	ne
	movne	r1, #0
	.loc	1 57 1 prologue_end is_stmt 1   @ ../Pattern/InputFiles.cpp:57:1
	mov	r0, r1
.Ltmp2:
	@DEBUG_VALUE: get_img_array:idx <- [DW_OP_LLVM_entry_value 1] $r0
	bx	lr
.Ltmp3:
.Lfunc_end1:
	.size	_Z13get_img_arrayj, .Lfunc_end1-_Z13get_img_arrayj
	.cfi_endproc
	.cantunwind
	.fnend
                                        @ -- End function
	.section	.debug_loc,"",%progbits
.Ldebug_loc0:
	.long	-1
	.long	.Lfunc_begin0                   @   base address
	.long	.Lfunc_begin0-.Lfunc_begin0
	.long	.Ltmp0-.Lfunc_begin0
	.short	1                               @ Loc expr size
	.byte	80                              @ DW_OP_reg0
	.long	.Ltmp0-.Lfunc_begin0
	.long	.Ltmp1-.Lfunc_begin0
	.short	4                               @ Loc expr size
	.byte	243                             @ DW_OP_GNU_entry_value
	.byte	1                               @ 1
	.byte	80                              @ DW_OP_reg0
	.byte	159                             @ DW_OP_stack_value
	.long	0
	.long	0
.Ldebug_loc1:
	.long	-1
	.long	.Lfunc_begin1                   @   base address
	.long	.Lfunc_begin1-.Lfunc_begin1
	.long	.Ltmp2-.Lfunc_begin1
	.short	1                               @ Loc expr size
	.byte	80                              @ DW_OP_reg0
	.long	.Ltmp2-.Lfunc_begin1
	.long	.Lfunc_end1-.Lfunc_begin1
	.short	4                               @ Loc expr size
	.byte	243                             @ DW_OP_GNU_entry_value
	.byte	1                               @ 1
	.byte	80                              @ DW_OP_reg0
	.byte	159                             @ DW_OP_stack_value
	.long	0
	.long	0
	.section	.debug_abbrev,"",%progbits
	.byte	1                               @ Abbreviation Code
	.byte	17                              @ DW_TAG_compile_unit
	.byte	1                               @ DW_CHILDREN_yes
	.byte	37                              @ DW_AT_producer
	.byte	14                              @ DW_FORM_strp
	.byte	19                              @ DW_AT_language
	.byte	5                               @ DW_FORM_data2
	.byte	3                               @ DW_AT_name
	.byte	14                              @ DW_FORM_strp
	.byte	16                              @ DW_AT_stmt_list
	.byte	23                              @ DW_FORM_sec_offset
	.byte	27                              @ DW_AT_comp_dir
	.byte	14                              @ DW_FORM_strp
	.byte	17                              @ DW_AT_low_pc
	.byte	1                               @ DW_FORM_addr
	.byte	85                              @ DW_AT_ranges
	.byte	23                              @ DW_FORM_sec_offset
	.byte	0                               @ EOM(1)
	.byte	0                               @ EOM(2)
	.byte	2                               @ Abbreviation Code
	.byte	52                              @ DW_TAG_variable
	.byte	0                               @ DW_CHILDREN_no
	.byte	73                              @ DW_AT_type
	.byte	19                              @ DW_FORM_ref4
	.byte	58                              @ DW_AT_decl_file
	.byte	11                              @ DW_FORM_data1
	.byte	59                              @ DW_AT_decl_line
	.byte	11                              @ DW_FORM_data1
	.byte	2                               @ DW_AT_location
	.byte	24                              @ DW_FORM_exprloc
	.byte	0                               @ EOM(1)
	.byte	0                               @ EOM(2)
	.byte	3                               @ Abbreviation Code
	.byte	1                               @ DW_TAG_array_type
	.byte	1                               @ DW_CHILDREN_yes
	.byte	73                              @ DW_AT_type
	.byte	19                              @ DW_FORM_ref4
	.byte	0                               @ EOM(1)
	.byte	0                               @ EOM(2)
	.byte	4                               @ Abbreviation Code
	.byte	33                              @ DW_TAG_subrange_type
	.byte	0                               @ DW_CHILDREN_no
	.byte	73                              @ DW_AT_type
	.byte	19                              @ DW_FORM_ref4
	.byte	55                              @ DW_AT_count
	.byte	11                              @ DW_FORM_data1
	.byte	0                               @ EOM(1)
	.byte	0                               @ EOM(2)
	.byte	5                               @ Abbreviation Code
	.byte	38                              @ DW_TAG_const_type
	.byte	0                               @ DW_CHILDREN_no
	.byte	73                              @ DW_AT_type
	.byte	19                              @ DW_FORM_ref4
	.byte	0                               @ EOM(1)
	.byte	0                               @ EOM(2)
	.byte	6                               @ Abbreviation Code
	.byte	36                              @ DW_TAG_base_type
	.byte	0                               @ DW_CHILDREN_no
	.byte	3                               @ DW_AT_name
	.byte	14                              @ DW_FORM_strp
	.byte	62                              @ DW_AT_encoding
	.byte	11                              @ DW_FORM_data1
	.byte	11                              @ DW_AT_byte_size
	.byte	11                              @ DW_FORM_data1
	.byte	0                               @ EOM(1)
	.byte	0                               @ EOM(2)
	.byte	7                               @ Abbreviation Code
	.byte	36                              @ DW_TAG_base_type
	.byte	0                               @ DW_CHILDREN_no
	.byte	3                               @ DW_AT_name
	.byte	14                              @ DW_FORM_strp
	.byte	11                              @ DW_AT_byte_size
	.byte	11                              @ DW_FORM_data1
	.byte	62                              @ DW_AT_encoding
	.byte	11                              @ DW_FORM_data1
	.byte	0                               @ EOM(1)
	.byte	0                               @ EOM(2)
	.byte	8                               @ Abbreviation Code
	.byte	52                              @ DW_TAG_variable
	.byte	0                               @ DW_CHILDREN_no
	.byte	73                              @ DW_AT_type
	.byte	19                              @ DW_FORM_ref4
	.byte	58                              @ DW_AT_decl_file
	.byte	11                              @ DW_FORM_data1
	.byte	59                              @ DW_AT_decl_line
	.byte	11                              @ DW_FORM_data1
	.byte	0                               @ EOM(1)
	.byte	0                               @ EOM(2)
	.byte	9                               @ Abbreviation Code
	.byte	52                              @ DW_TAG_variable
	.byte	0                               @ DW_CHILDREN_no
	.byte	3                               @ DW_AT_name
	.byte	14                              @ DW_FORM_strp
	.byte	73                              @ DW_AT_type
	.byte	19                              @ DW_FORM_ref4
	.byte	58                              @ DW_AT_decl_file
	.byte	11                              @ DW_FORM_data1
	.byte	59                              @ DW_AT_decl_line
	.byte	11                              @ DW_FORM_data1
	.byte	110                             @ DW_AT_linkage_name
	.byte	14                              @ DW_FORM_strp
	.byte	0                               @ EOM(1)
	.byte	0                               @ EOM(2)
	.byte	10                              @ Abbreviation Code
	.byte	15                              @ DW_TAG_pointer_type
	.byte	0                               @ DW_CHILDREN_no
	.byte	73                              @ DW_AT_type
	.byte	19                              @ DW_FORM_ref4
	.byte	0                               @ EOM(1)
	.byte	0                               @ EOM(2)
	.byte	11                              @ Abbreviation Code
	.byte	22                              @ DW_TAG_typedef
	.byte	0                               @ DW_CHILDREN_no
	.byte	73                              @ DW_AT_type
	.byte	19                              @ DW_FORM_ref4
	.byte	3                               @ DW_AT_name
	.byte	14                              @ DW_FORM_strp
	.byte	58                              @ DW_AT_decl_file
	.byte	11                              @ DW_FORM_data1
	.byte	59                              @ DW_AT_decl_line
	.byte	11                              @ DW_FORM_data1
	.byte	0                               @ EOM(1)
	.byte	0                               @ EOM(2)
	.byte	12                              @ Abbreviation Code
	.byte	8                               @ DW_TAG_imported_declaration
	.byte	0                               @ DW_CHILDREN_no
	.byte	58                              @ DW_AT_decl_file
	.byte	11                              @ DW_FORM_data1
	.byte	59                              @ DW_AT_decl_line
	.byte	5                               @ DW_FORM_data2
	.byte	24                              @ DW_AT_import
	.byte	19                              @ DW_FORM_ref4
	.byte	0                               @ EOM(1)
	.byte	0                               @ EOM(2)
	.byte	13                              @ Abbreviation Code
	.byte	57                              @ DW_TAG_namespace
	.byte	1                               @ DW_CHILDREN_yes
	.byte	3                               @ DW_AT_name
	.byte	14                              @ DW_FORM_strp
	.byte	0                               @ EOM(1)
	.byte	0                               @ EOM(2)
	.byte	14                              @ Abbreviation Code
	.byte	57                              @ DW_TAG_namespace
	.byte	1                               @ DW_CHILDREN_yes
	.byte	3                               @ DW_AT_name
	.byte	14                              @ DW_FORM_strp
	.ascii	"\211\001"                      @ DW_AT_export_symbols
	.byte	25                              @ DW_FORM_flag_present
	.byte	0                               @ EOM(1)
	.byte	0                               @ EOM(2)
	.byte	15                              @ Abbreviation Code
	.byte	8                               @ DW_TAG_imported_declaration
	.byte	0                               @ DW_CHILDREN_no
	.byte	58                              @ DW_AT_decl_file
	.byte	11                              @ DW_FORM_data1
	.byte	59                              @ DW_AT_decl_line
	.byte	11                              @ DW_FORM_data1
	.byte	24                              @ DW_AT_import
	.byte	19                              @ DW_FORM_ref4
	.byte	0                               @ EOM(1)
	.byte	0                               @ EOM(2)
	.byte	16                              @ Abbreviation Code
	.byte	46                              @ DW_TAG_subprogram
	.byte	1                               @ DW_CHILDREN_yes
	.byte	17                              @ DW_AT_low_pc
	.byte	1                               @ DW_FORM_addr
	.byte	18                              @ DW_AT_high_pc
	.byte	6                               @ DW_FORM_data4
	.byte	64                              @ DW_AT_frame_base
	.byte	24                              @ DW_FORM_exprloc
	.ascii	"\227B"                         @ DW_AT_GNU_all_call_sites
	.byte	25                              @ DW_FORM_flag_present
	.byte	110                             @ DW_AT_linkage_name
	.byte	14                              @ DW_FORM_strp
	.byte	3                               @ DW_AT_name
	.byte	14                              @ DW_FORM_strp
	.byte	58                              @ DW_AT_decl_file
	.byte	11                              @ DW_FORM_data1
	.byte	59                              @ DW_AT_decl_line
	.byte	11                              @ DW_FORM_data1
	.byte	73                              @ DW_AT_type
	.byte	19                              @ DW_FORM_ref4
	.byte	63                              @ DW_AT_external
	.byte	25                              @ DW_FORM_flag_present
	.byte	0                               @ EOM(1)
	.byte	0                               @ EOM(2)
	.byte	17                              @ Abbreviation Code
	.byte	5                               @ DW_TAG_formal_parameter
	.byte	0                               @ DW_CHILDREN_no
	.byte	2                               @ DW_AT_location
	.byte	23                              @ DW_FORM_sec_offset
	.byte	3                               @ DW_AT_name
	.byte	14                              @ DW_FORM_strp
	.byte	58                              @ DW_AT_decl_file
	.byte	11                              @ DW_FORM_data1
	.byte	59                              @ DW_AT_decl_line
	.byte	11                              @ DW_FORM_data1
	.byte	73                              @ DW_AT_type
	.byte	19                              @ DW_FORM_ref4
	.byte	0                               @ EOM(1)
	.byte	0                               @ EOM(2)
	.byte	0                               @ EOM(3)
	.section	.debug_info,"",%progbits
.Lcu_begin0:
	.long	.Ldebug_info_end0-.Ldebug_info_start0 @ Length of Unit
.Ldebug_info_start0:
	.short	4                               @ DWARF version number
	.long	.debug_abbrev                   @ Offset Into Abbrev. Section
	.byte	4                               @ Address Size (in bytes)
	.byte	1                               @ Abbrev [1] 0xb:0x413 DW_TAG_compile_unit
	.long	.Linfo_string0                  @ DW_AT_producer
	.short	26                              @ DW_AT_language
	.long	.Linfo_string1                  @ DW_AT_name
	.long	.Lline_table_start0             @ DW_AT_stmt_list
	.long	.Linfo_string2                  @ DW_AT_comp_dir
	.long	0                               @ DW_AT_low_pc
	.long	.Ldebug_ranges0                 @ DW_AT_ranges
	.byte	2                               @ Abbrev [2] 0x26:0xd DW_TAG_variable
	.long	51                              @ DW_AT_type
	.byte	1                               @ DW_AT_decl_file
	.byte	27                              @ DW_AT_decl_line
	.byte	5                               @ DW_AT_location
	.byte	3
	.long	.L.str
	.byte	3                               @ Abbrev [3] 0x33:0xc DW_TAG_array_type
	.long	63                              @ DW_AT_type
	.byte	4                               @ Abbrev [4] 0x38:0x6 DW_TAG_subrange_type
	.long	75                              @ DW_AT_type
	.byte	30                              @ DW_AT_count
	.byte	0                               @ End Of Children Mark
	.byte	5                               @ Abbrev [5] 0x3f:0x5 DW_TAG_const_type
	.long	68                              @ DW_AT_type
	.byte	6                               @ Abbrev [6] 0x44:0x7 DW_TAG_base_type
	.long	.Linfo_string3                  @ DW_AT_name
	.byte	8                               @ DW_AT_encoding
	.byte	1                               @ DW_AT_byte_size
	.byte	7                               @ Abbrev [7] 0x4b:0x7 DW_TAG_base_type
	.long	.Linfo_string4                  @ DW_AT_name
	.byte	8                               @ DW_AT_byte_size
	.byte	7                               @ DW_AT_encoding
	.byte	8                               @ Abbrev [8] 0x52:0x7 DW_TAG_variable
	.long	89                              @ DW_AT_type
	.byte	1                               @ DW_AT_decl_file
	.byte	29                              @ DW_AT_decl_line
	.byte	3                               @ Abbrev [3] 0x59:0xc DW_TAG_array_type
	.long	63                              @ DW_AT_type
	.byte	4                               @ Abbrev [4] 0x5e:0x6 DW_TAG_subrange_type
	.long	75                              @ DW_AT_type
	.byte	11                              @ DW_AT_count
	.byte	0                               @ End Of Children Mark
	.byte	9                               @ Abbrev [9] 0x65:0xf DW_TAG_variable
	.long	.Linfo_string5                  @ DW_AT_name
	.long	116                             @ DW_AT_type
	.byte	1                               @ DW_AT_decl_file
	.byte	25                              @ DW_AT_decl_line
	.long	.Linfo_string6                  @ DW_AT_linkage_name
	.byte	3                               @ Abbrev [3] 0x74:0xc DW_TAG_array_type
	.long	128                             @ DW_AT_type
	.byte	4                               @ Abbrev [4] 0x79:0x6 DW_TAG_subrange_type
	.long	75                              @ DW_AT_type
	.byte	2                               @ DW_AT_count
	.byte	0                               @ End Of Children Mark
	.byte	10                              @ Abbrev [10] 0x80:0x5 DW_TAG_pointer_type
	.long	63                              @ DW_AT_type
	.byte	9                               @ Abbrev [9] 0x85:0xf DW_TAG_variable
	.long	.Linfo_string7                  @ DW_AT_name
	.long	148                             @ DW_AT_type
	.byte	1                               @ DW_AT_decl_file
	.byte	32                              @ DW_AT_decl_line
	.long	.Linfo_string10                 @ DW_AT_linkage_name
	.byte	3                               @ Abbrev [3] 0x94:0xc DW_TAG_array_type
	.long	160                             @ DW_AT_type
	.byte	4                               @ Abbrev [4] 0x99:0x6 DW_TAG_subrange_type
	.long	75                              @ DW_AT_type
	.byte	2                               @ DW_AT_count
	.byte	0                               @ End Of Children Mark
	.byte	10                              @ Abbrev [10] 0xa0:0x5 DW_TAG_pointer_type
	.long	165                             @ DW_AT_type
	.byte	5                               @ Abbrev [5] 0xa5:0x5 DW_TAG_const_type
	.long	170                             @ DW_AT_type
	.byte	11                              @ Abbrev [11] 0xaa:0xb DW_TAG_typedef
	.long	181                             @ DW_AT_type
	.long	.Linfo_string9                  @ DW_AT_name
	.byte	2                               @ DW_AT_decl_file
	.byte	62                              @ DW_AT_decl_line
	.byte	6                               @ Abbrev [6] 0xb5:0x7 DW_TAG_base_type
	.long	.Linfo_string8                  @ DW_AT_name
	.byte	8                               @ DW_AT_encoding
	.byte	1                               @ DW_AT_byte_size
	.byte	11                              @ Abbrev [11] 0xbc:0xb DW_TAG_typedef
	.long	199                             @ DW_AT_type
	.long	.Linfo_string12                 @ DW_AT_name
	.byte	2                               @ DW_AT_decl_file
	.byte	56                              @ DW_AT_decl_line
	.byte	6                               @ Abbrev [6] 0xc7:0x7 DW_TAG_base_type
	.long	.Linfo_string11                 @ DW_AT_name
	.byte	6                               @ DW_AT_encoding
	.byte	1                               @ DW_AT_byte_size
	.byte	12                              @ Abbrev [12] 0xce:0x8 DW_TAG_imported_declaration
	.byte	2                               @ DW_AT_decl_file
	.short	275                             @ DW_AT_decl_line
	.long	188                             @ DW_AT_import
	.byte	11                              @ Abbrev [11] 0xd6:0xb DW_TAG_typedef
	.long	225                             @ DW_AT_type
	.long	.Linfo_string14                 @ DW_AT_name
	.byte	2                               @ DW_AT_decl_file
	.byte	57                              @ DW_AT_decl_line
	.byte	6                               @ Abbrev [6] 0xe1:0x7 DW_TAG_base_type
	.long	.Linfo_string13                 @ DW_AT_name
	.byte	5                               @ DW_AT_encoding
	.byte	2                               @ DW_AT_byte_size
	.byte	12                              @ Abbrev [12] 0xe8:0x8 DW_TAG_imported_declaration
	.byte	2                               @ DW_AT_decl_file
	.short	276                             @ DW_AT_decl_line
	.long	214                             @ DW_AT_import
	.byte	11                              @ Abbrev [11] 0xf0:0xb DW_TAG_typedef
	.long	251                             @ DW_AT_type
	.long	.Linfo_string16                 @ DW_AT_name
	.byte	2                               @ DW_AT_decl_file
	.byte	58                              @ DW_AT_decl_line
	.byte	6                               @ Abbrev [6] 0xfb:0x7 DW_TAG_base_type
	.long	.Linfo_string15                 @ DW_AT_name
	.byte	5                               @ DW_AT_encoding
	.byte	4                               @ DW_AT_byte_size
	.byte	12                              @ Abbrev [12] 0x102:0x8 DW_TAG_imported_declaration
	.byte	2                               @ DW_AT_decl_file
	.short	277                             @ DW_AT_decl_line
	.long	240                             @ DW_AT_import
	.byte	11                              @ Abbrev [11] 0x10a:0xb DW_TAG_typedef
	.long	277                             @ DW_AT_type
	.long	.Linfo_string18                 @ DW_AT_name
	.byte	2                               @ DW_AT_decl_file
	.byte	59                              @ DW_AT_decl_line
	.byte	6                               @ Abbrev [6] 0x115:0x7 DW_TAG_base_type
	.long	.Linfo_string17                 @ DW_AT_name
	.byte	5                               @ DW_AT_encoding
	.byte	8                               @ DW_AT_byte_size
	.byte	12                              @ Abbrev [12] 0x11c:0x8 DW_TAG_imported_declaration
	.byte	2                               @ DW_AT_decl_file
	.short	278                             @ DW_AT_decl_line
	.long	266                             @ DW_AT_import
	.byte	12                              @ Abbrev [12] 0x124:0x8 DW_TAG_imported_declaration
	.byte	2                               @ DW_AT_decl_file
	.short	279                             @ DW_AT_decl_line
	.long	170                             @ DW_AT_import
	.byte	11                              @ Abbrev [11] 0x12c:0xb DW_TAG_typedef
	.long	311                             @ DW_AT_type
	.long	.Linfo_string20                 @ DW_AT_name
	.byte	2                               @ DW_AT_decl_file
	.byte	63                              @ DW_AT_decl_line
	.byte	6                               @ Abbrev [6] 0x137:0x7 DW_TAG_base_type
	.long	.Linfo_string19                 @ DW_AT_name
	.byte	7                               @ DW_AT_encoding
	.byte	2                               @ DW_AT_byte_size
	.byte	12                              @ Abbrev [12] 0x13e:0x8 DW_TAG_imported_declaration
	.byte	2                               @ DW_AT_decl_file
	.short	280                             @ DW_AT_decl_line
	.long	300                             @ DW_AT_import
	.byte	11                              @ Abbrev [11] 0x146:0xb DW_TAG_typedef
	.long	337                             @ DW_AT_type
	.long	.Linfo_string22                 @ DW_AT_name
	.byte	2                               @ DW_AT_decl_file
	.byte	64                              @ DW_AT_decl_line
	.byte	6                               @ Abbrev [6] 0x151:0x7 DW_TAG_base_type
	.long	.Linfo_string21                 @ DW_AT_name
	.byte	7                               @ DW_AT_encoding
	.byte	4                               @ DW_AT_byte_size
	.byte	12                              @ Abbrev [12] 0x158:0x8 DW_TAG_imported_declaration
	.byte	2                               @ DW_AT_decl_file
	.short	281                             @ DW_AT_decl_line
	.long	326                             @ DW_AT_import
	.byte	11                              @ Abbrev [11] 0x160:0xb DW_TAG_typedef
	.long	363                             @ DW_AT_type
	.long	.Linfo_string24                 @ DW_AT_name
	.byte	2                               @ DW_AT_decl_file
	.byte	65                              @ DW_AT_decl_line
	.byte	6                               @ Abbrev [6] 0x16b:0x7 DW_TAG_base_type
	.long	.Linfo_string23                 @ DW_AT_name
	.byte	7                               @ DW_AT_encoding
	.byte	8                               @ DW_AT_byte_size
	.byte	12                              @ Abbrev [12] 0x172:0x8 DW_TAG_imported_declaration
	.byte	2                               @ DW_AT_decl_file
	.short	282                             @ DW_AT_decl_line
	.long	352                             @ DW_AT_import
	.byte	11                              @ Abbrev [11] 0x17a:0xb DW_TAG_typedef
	.long	199                             @ DW_AT_type
	.long	.Linfo_string25                 @ DW_AT_name
	.byte	2                               @ DW_AT_decl_file
	.byte	71                              @ DW_AT_decl_line
	.byte	12                              @ Abbrev [12] 0x185:0x8 DW_TAG_imported_declaration
	.byte	2                               @ DW_AT_decl_file
	.short	283                             @ DW_AT_decl_line
	.long	378                             @ DW_AT_import
	.byte	11                              @ Abbrev [11] 0x18d:0xb DW_TAG_typedef
	.long	225                             @ DW_AT_type
	.long	.Linfo_string26                 @ DW_AT_name
	.byte	2                               @ DW_AT_decl_file
	.byte	72                              @ DW_AT_decl_line
	.byte	12                              @ Abbrev [12] 0x198:0x8 DW_TAG_imported_declaration
	.byte	2                               @ DW_AT_decl_file
	.short	284                             @ DW_AT_decl_line
	.long	397                             @ DW_AT_import
	.byte	11                              @ Abbrev [11] 0x1a0:0xb DW_TAG_typedef
	.long	251                             @ DW_AT_type
	.long	.Linfo_string27                 @ DW_AT_name
	.byte	2                               @ DW_AT_decl_file
	.byte	73                              @ DW_AT_decl_line
	.byte	12                              @ Abbrev [12] 0x1ab:0x8 DW_TAG_imported_declaration
	.byte	2                               @ DW_AT_decl_file
	.short	285                             @ DW_AT_decl_line
	.long	416                             @ DW_AT_import
	.byte	11                              @ Abbrev [11] 0x1b3:0xb DW_TAG_typedef
	.long	277                             @ DW_AT_type
	.long	.Linfo_string28                 @ DW_AT_name
	.byte	2                               @ DW_AT_decl_file
	.byte	74                              @ DW_AT_decl_line
	.byte	12                              @ Abbrev [12] 0x1be:0x8 DW_TAG_imported_declaration
	.byte	2                               @ DW_AT_decl_file
	.short	286                             @ DW_AT_decl_line
	.long	435                             @ DW_AT_import
	.byte	11                              @ Abbrev [11] 0x1c6:0xb DW_TAG_typedef
	.long	181                             @ DW_AT_type
	.long	.Linfo_string29                 @ DW_AT_name
	.byte	2                               @ DW_AT_decl_file
	.byte	77                              @ DW_AT_decl_line
	.byte	12                              @ Abbrev [12] 0x1d1:0x8 DW_TAG_imported_declaration
	.byte	2                               @ DW_AT_decl_file
	.short	287                             @ DW_AT_decl_line
	.long	454                             @ DW_AT_import
	.byte	11                              @ Abbrev [11] 0x1d9:0xb DW_TAG_typedef
	.long	311                             @ DW_AT_type
	.long	.Linfo_string30                 @ DW_AT_name
	.byte	2                               @ DW_AT_decl_file
	.byte	78                              @ DW_AT_decl_line
	.byte	12                              @ Abbrev [12] 0x1e4:0x8 DW_TAG_imported_declaration
	.byte	2                               @ DW_AT_decl_file
	.short	288                             @ DW_AT_decl_line
	.long	473                             @ DW_AT_import
	.byte	11                              @ Abbrev [11] 0x1ec:0xb DW_TAG_typedef
	.long	337                             @ DW_AT_type
	.long	.Linfo_string31                 @ DW_AT_name
	.byte	2                               @ DW_AT_decl_file
	.byte	79                              @ DW_AT_decl_line
	.byte	12                              @ Abbrev [12] 0x1f7:0x8 DW_TAG_imported_declaration
	.byte	2                               @ DW_AT_decl_file
	.short	289                             @ DW_AT_decl_line
	.long	492                             @ DW_AT_import
	.byte	11                              @ Abbrev [11] 0x1ff:0xb DW_TAG_typedef
	.long	363                             @ DW_AT_type
	.long	.Linfo_string32                 @ DW_AT_name
	.byte	2                               @ DW_AT_decl_file
	.byte	80                              @ DW_AT_decl_line
	.byte	12                              @ Abbrev [12] 0x20a:0x8 DW_TAG_imported_declaration
	.byte	2                               @ DW_AT_decl_file
	.short	290                             @ DW_AT_decl_line
	.long	511                             @ DW_AT_import
	.byte	11                              @ Abbrev [11] 0x212:0xb DW_TAG_typedef
	.long	251                             @ DW_AT_type
	.long	.Linfo_string33                 @ DW_AT_name
	.byte	2                               @ DW_AT_decl_file
	.byte	85                              @ DW_AT_decl_line
	.byte	12                              @ Abbrev [12] 0x21d:0x8 DW_TAG_imported_declaration
	.byte	2                               @ DW_AT_decl_file
	.short	291                             @ DW_AT_decl_line
	.long	530                             @ DW_AT_import
	.byte	11                              @ Abbrev [11] 0x225:0xb DW_TAG_typedef
	.long	251                             @ DW_AT_type
	.long	.Linfo_string34                 @ DW_AT_name
	.byte	2                               @ DW_AT_decl_file
	.byte	86                              @ DW_AT_decl_line
	.byte	12                              @ Abbrev [12] 0x230:0x8 DW_TAG_imported_declaration
	.byte	2                               @ DW_AT_decl_file
	.short	292                             @ DW_AT_decl_line
	.long	549                             @ DW_AT_import
	.byte	11                              @ Abbrev [11] 0x238:0xb DW_TAG_typedef
	.long	251                             @ DW_AT_type
	.long	.Linfo_string35                 @ DW_AT_name
	.byte	2                               @ DW_AT_decl_file
	.byte	87                              @ DW_AT_decl_line
	.byte	12                              @ Abbrev [12] 0x243:0x8 DW_TAG_imported_declaration
	.byte	2                               @ DW_AT_decl_file
	.short	293                             @ DW_AT_decl_line
	.long	568                             @ DW_AT_import
	.byte	11                              @ Abbrev [11] 0x24b:0xb DW_TAG_typedef
	.long	277                             @ DW_AT_type
	.long	.Linfo_string36                 @ DW_AT_name
	.byte	2                               @ DW_AT_decl_file
	.byte	88                              @ DW_AT_decl_line
	.byte	12                              @ Abbrev [12] 0x256:0x8 DW_TAG_imported_declaration
	.byte	2                               @ DW_AT_decl_file
	.short	294                             @ DW_AT_decl_line
	.long	587                             @ DW_AT_import
	.byte	11                              @ Abbrev [11] 0x25e:0xb DW_TAG_typedef
	.long	337                             @ DW_AT_type
	.long	.Linfo_string37                 @ DW_AT_name
	.byte	2                               @ DW_AT_decl_file
	.byte	91                              @ DW_AT_decl_line
	.byte	12                              @ Abbrev [12] 0x269:0x8 DW_TAG_imported_declaration
	.byte	2                               @ DW_AT_decl_file
	.short	295                             @ DW_AT_decl_line
	.long	606                             @ DW_AT_import
	.byte	11                              @ Abbrev [11] 0x271:0xb DW_TAG_typedef
	.long	337                             @ DW_AT_type
	.long	.Linfo_string38                 @ DW_AT_name
	.byte	2                               @ DW_AT_decl_file
	.byte	92                              @ DW_AT_decl_line
	.byte	12                              @ Abbrev [12] 0x27c:0x8 DW_TAG_imported_declaration
	.byte	2                               @ DW_AT_decl_file
	.short	296                             @ DW_AT_decl_line
	.long	625                             @ DW_AT_import
	.byte	11                              @ Abbrev [11] 0x284:0xb DW_TAG_typedef
	.long	337                             @ DW_AT_type
	.long	.Linfo_string39                 @ DW_AT_name
	.byte	2                               @ DW_AT_decl_file
	.byte	93                              @ DW_AT_decl_line
	.byte	12                              @ Abbrev [12] 0x28f:0x8 DW_TAG_imported_declaration
	.byte	2                               @ DW_AT_decl_file
	.short	297                             @ DW_AT_decl_line
	.long	644                             @ DW_AT_import
	.byte	11                              @ Abbrev [11] 0x297:0xb DW_TAG_typedef
	.long	363                             @ DW_AT_type
	.long	.Linfo_string40                 @ DW_AT_name
	.byte	2                               @ DW_AT_decl_file
	.byte	94                              @ DW_AT_decl_line
	.byte	12                              @ Abbrev [12] 0x2a2:0x8 DW_TAG_imported_declaration
	.byte	2                               @ DW_AT_decl_file
	.short	298                             @ DW_AT_decl_line
	.long	663                             @ DW_AT_import
	.byte	11                              @ Abbrev [11] 0x2aa:0xb DW_TAG_typedef
	.long	251                             @ DW_AT_type
	.long	.Linfo_string41                 @ DW_AT_name
	.byte	2                               @ DW_AT_decl_file
	.byte	101                             @ DW_AT_decl_line
	.byte	12                              @ Abbrev [12] 0x2b5:0x8 DW_TAG_imported_declaration
	.byte	2                               @ DW_AT_decl_file
	.short	299                             @ DW_AT_decl_line
	.long	682                             @ DW_AT_import
	.byte	11                              @ Abbrev [11] 0x2bd:0xb DW_TAG_typedef
	.long	337                             @ DW_AT_type
	.long	.Linfo_string42                 @ DW_AT_name
	.byte	2                               @ DW_AT_decl_file
	.byte	102                             @ DW_AT_decl_line
	.byte	12                              @ Abbrev [12] 0x2c8:0x8 DW_TAG_imported_declaration
	.byte	2                               @ DW_AT_decl_file
	.short	300                             @ DW_AT_decl_line
	.long	701                             @ DW_AT_import
	.byte	11                              @ Abbrev [11] 0x2d0:0xb DW_TAG_typedef
	.long	277                             @ DW_AT_type
	.long	.Linfo_string43                 @ DW_AT_name
	.byte	2                               @ DW_AT_decl_file
	.byte	106                             @ DW_AT_decl_line
	.byte	12                              @ Abbrev [12] 0x2db:0x8 DW_TAG_imported_declaration
	.byte	2                               @ DW_AT_decl_file
	.short	301                             @ DW_AT_decl_line
	.long	720                             @ DW_AT_import
	.byte	11                              @ Abbrev [11] 0x2e3:0xb DW_TAG_typedef
	.long	363                             @ DW_AT_type
	.long	.Linfo_string44                 @ DW_AT_name
	.byte	2                               @ DW_AT_decl_file
	.byte	107                             @ DW_AT_decl_line
	.byte	12                              @ Abbrev [12] 0x2ee:0x8 DW_TAG_imported_declaration
	.byte	2                               @ DW_AT_decl_file
	.short	302                             @ DW_AT_decl_line
	.long	739                             @ DW_AT_import
	.byte	13                              @ Abbrev [13] 0x2f6:0xd0 DW_TAG_namespace
	.long	.Linfo_string45                 @ DW_AT_name
	.byte	14                              @ Abbrev [14] 0x2fb:0xca DW_TAG_namespace
	.long	.Linfo_string46                 @ DW_AT_name
                                        @ DW_AT_export_symbols
	.byte	15                              @ Abbrev [15] 0x300:0x7 DW_TAG_imported_declaration
	.byte	3                               @ DW_AT_decl_file
	.byte	162                             @ DW_AT_decl_line
	.long	188                             @ DW_AT_import
	.byte	15                              @ Abbrev [15] 0x307:0x7 DW_TAG_imported_declaration
	.byte	3                               @ DW_AT_decl_file
	.byte	163                             @ DW_AT_decl_line
	.long	214                             @ DW_AT_import
	.byte	15                              @ Abbrev [15] 0x30e:0x7 DW_TAG_imported_declaration
	.byte	3                               @ DW_AT_decl_file
	.byte	164                             @ DW_AT_decl_line
	.long	240                             @ DW_AT_import
	.byte	15                              @ Abbrev [15] 0x315:0x7 DW_TAG_imported_declaration
	.byte	3                               @ DW_AT_decl_file
	.byte	165                             @ DW_AT_decl_line
	.long	266                             @ DW_AT_import
	.byte	15                              @ Abbrev [15] 0x31c:0x7 DW_TAG_imported_declaration
	.byte	3                               @ DW_AT_decl_file
	.byte	167                             @ DW_AT_decl_line
	.long	170                             @ DW_AT_import
	.byte	15                              @ Abbrev [15] 0x323:0x7 DW_TAG_imported_declaration
	.byte	3                               @ DW_AT_decl_file
	.byte	168                             @ DW_AT_decl_line
	.long	300                             @ DW_AT_import
	.byte	15                              @ Abbrev [15] 0x32a:0x7 DW_TAG_imported_declaration
	.byte	3                               @ DW_AT_decl_file
	.byte	169                             @ DW_AT_decl_line
	.long	326                             @ DW_AT_import
	.byte	15                              @ Abbrev [15] 0x331:0x7 DW_TAG_imported_declaration
	.byte	3                               @ DW_AT_decl_file
	.byte	170                             @ DW_AT_decl_line
	.long	352                             @ DW_AT_import
	.byte	15                              @ Abbrev [15] 0x338:0x7 DW_TAG_imported_declaration
	.byte	3                               @ DW_AT_decl_file
	.byte	172                             @ DW_AT_decl_line
	.long	378                             @ DW_AT_import
	.byte	15                              @ Abbrev [15] 0x33f:0x7 DW_TAG_imported_declaration
	.byte	3                               @ DW_AT_decl_file
	.byte	173                             @ DW_AT_decl_line
	.long	397                             @ DW_AT_import
	.byte	15                              @ Abbrev [15] 0x346:0x7 DW_TAG_imported_declaration
	.byte	3                               @ DW_AT_decl_file
	.byte	174                             @ DW_AT_decl_line
	.long	416                             @ DW_AT_import
	.byte	15                              @ Abbrev [15] 0x34d:0x7 DW_TAG_imported_declaration
	.byte	3                               @ DW_AT_decl_file
	.byte	175                             @ DW_AT_decl_line
	.long	435                             @ DW_AT_import
	.byte	15                              @ Abbrev [15] 0x354:0x7 DW_TAG_imported_declaration
	.byte	3                               @ DW_AT_decl_file
	.byte	177                             @ DW_AT_decl_line
	.long	454                             @ DW_AT_import
	.byte	15                              @ Abbrev [15] 0x35b:0x7 DW_TAG_imported_declaration
	.byte	3                               @ DW_AT_decl_file
	.byte	178                             @ DW_AT_decl_line
	.long	473                             @ DW_AT_import
	.byte	15                              @ Abbrev [15] 0x362:0x7 DW_TAG_imported_declaration
	.byte	3                               @ DW_AT_decl_file
	.byte	179                             @ DW_AT_decl_line
	.long	492                             @ DW_AT_import
	.byte	15                              @ Abbrev [15] 0x369:0x7 DW_TAG_imported_declaration
	.byte	3                               @ DW_AT_decl_file
	.byte	180                             @ DW_AT_decl_line
	.long	511                             @ DW_AT_import
	.byte	15                              @ Abbrev [15] 0x370:0x7 DW_TAG_imported_declaration
	.byte	3                               @ DW_AT_decl_file
	.byte	182                             @ DW_AT_decl_line
	.long	530                             @ DW_AT_import
	.byte	15                              @ Abbrev [15] 0x377:0x7 DW_TAG_imported_declaration
	.byte	3                               @ DW_AT_decl_file
	.byte	183                             @ DW_AT_decl_line
	.long	549                             @ DW_AT_import
	.byte	15                              @ Abbrev [15] 0x37e:0x7 DW_TAG_imported_declaration
	.byte	3                               @ DW_AT_decl_file
	.byte	184                             @ DW_AT_decl_line
	.long	568                             @ DW_AT_import
	.byte	15                              @ Abbrev [15] 0x385:0x7 DW_TAG_imported_declaration
	.byte	3                               @ DW_AT_decl_file
	.byte	185                             @ DW_AT_decl_line
	.long	587                             @ DW_AT_import
	.byte	15                              @ Abbrev [15] 0x38c:0x7 DW_TAG_imported_declaration
	.byte	3                               @ DW_AT_decl_file
	.byte	187                             @ DW_AT_decl_line
	.long	606                             @ DW_AT_import
	.byte	15                              @ Abbrev [15] 0x393:0x7 DW_TAG_imported_declaration
	.byte	3                               @ DW_AT_decl_file
	.byte	188                             @ DW_AT_decl_line
	.long	625                             @ DW_AT_import
	.byte	15                              @ Abbrev [15] 0x39a:0x7 DW_TAG_imported_declaration
	.byte	3                               @ DW_AT_decl_file
	.byte	189                             @ DW_AT_decl_line
	.long	644                             @ DW_AT_import
	.byte	15                              @ Abbrev [15] 0x3a1:0x7 DW_TAG_imported_declaration
	.byte	3                               @ DW_AT_decl_file
	.byte	190                             @ DW_AT_decl_line
	.long	663                             @ DW_AT_import
	.byte	15                              @ Abbrev [15] 0x3a8:0x7 DW_TAG_imported_declaration
	.byte	3                               @ DW_AT_decl_file
	.byte	192                             @ DW_AT_decl_line
	.long	682                             @ DW_AT_import
	.byte	15                              @ Abbrev [15] 0x3af:0x7 DW_TAG_imported_declaration
	.byte	3                               @ DW_AT_decl_file
	.byte	193                             @ DW_AT_decl_line
	.long	701                             @ DW_AT_import
	.byte	15                              @ Abbrev [15] 0x3b6:0x7 DW_TAG_imported_declaration
	.byte	3                               @ DW_AT_decl_file
	.byte	195                             @ DW_AT_decl_line
	.long	720                             @ DW_AT_import
	.byte	15                              @ Abbrev [15] 0x3bd:0x7 DW_TAG_imported_declaration
	.byte	3                               @ DW_AT_decl_file
	.byte	196                             @ DW_AT_decl_line
	.long	739                             @ DW_AT_import
	.byte	0                               @ End Of Children Mark
	.byte	0                               @ End Of Children Mark
	.byte	16                              @ Abbrev [16] 0x3c6:0x29 DW_TAG_subprogram
	.long	.Lfunc_begin0                   @ DW_AT_low_pc
	.long	.Lfunc_end0-.Lfunc_begin0       @ DW_AT_high_pc
	.byte	1                               @ DW_AT_frame_base
	.byte	93
                                        @ DW_AT_GNU_all_call_sites
	.long	.Linfo_string47                 @ DW_AT_linkage_name
	.long	.Linfo_string48                 @ DW_AT_name
	.byte	1                               @ DW_AT_decl_file
	.byte	38                              @ DW_AT_decl_line
	.long	128                             @ DW_AT_type
                                        @ DW_AT_external
	.byte	17                              @ Abbrev [17] 0x3df:0xf DW_TAG_formal_parameter
	.long	.Ldebug_loc0                    @ DW_AT_location
	.long	.Linfo_string51                 @ DW_AT_name
	.byte	1                               @ DW_AT_decl_file
	.byte	38                              @ DW_AT_decl_line
	.long	1048                            @ DW_AT_type
	.byte	0                               @ End Of Children Mark
	.byte	16                              @ Abbrev [16] 0x3ef:0x29 DW_TAG_subprogram
	.long	.Lfunc_begin1                   @ DW_AT_low_pc
	.long	.Lfunc_end1-.Lfunc_begin1       @ DW_AT_high_pc
	.byte	1                               @ DW_AT_frame_base
	.byte	93
                                        @ DW_AT_GNU_all_call_sites
	.long	.Linfo_string49                 @ DW_AT_linkage_name
	.long	.Linfo_string50                 @ DW_AT_name
	.byte	1                               @ DW_AT_decl_file
	.byte	49                              @ DW_AT_decl_line
	.long	160                             @ DW_AT_type
                                        @ DW_AT_external
	.byte	17                              @ Abbrev [17] 0x408:0xf DW_TAG_formal_parameter
	.long	.Ldebug_loc1                    @ DW_AT_location
	.long	.Linfo_string51                 @ DW_AT_name
	.byte	1                               @ DW_AT_decl_file
	.byte	49                              @ DW_AT_decl_line
	.long	1048                            @ DW_AT_type
	.byte	0                               @ End Of Children Mark
	.byte	5                               @ Abbrev [5] 0x418:0x5 DW_TAG_const_type
	.long	326                             @ DW_AT_type
	.byte	0                               @ End Of Children Mark
.Ldebug_info_end0:
	.section	.debug_ranges,"",%progbits
.Ldebug_ranges0:
	.long	.Lfunc_begin0
	.long	.Lfunc_end0
	.long	.Lfunc_begin1
	.long	.Lfunc_end1
	.long	0
	.long	0
	.section	.debug_str,"MS",%progbits,1
.Linfo_string0:
	.asciz	"Component: Arm Compiler for Embedded 6.19 Tool: armclang [5e73cb00]" @ string offset=0
.Linfo_string1:
	.asciz	"../Pattern\\InputFiles.cpp"    @ string offset=68
.Linfo_string2:
	.asciz	"C:\\Users\\cychen38\\Desktop\\M55M1BSP\\SampleCode\\MachineLearning\\ObjectDetection_FreeRTOS_yoloxn\\KEIL" @ string offset=94
.Linfo_string3:
	.asciz	"char"                          @ string offset=193
.Linfo_string4:
	.asciz	"__ARRAY_SIZE_TYPE__"           @ string offset=198
.Linfo_string5:
	.asciz	"img_filenames"                 @ string offset=218
.Linfo_string6:
	.asciz	"_ZL13img_filenames"            @ string offset=232
.Linfo_string7:
	.asciz	"img_arrays"                    @ string offset=251
.Linfo_string8:
	.asciz	"unsigned char"                 @ string offset=262
.Linfo_string9:
	.asciz	"uint8_t"                       @ string offset=276
.Linfo_string10:
	.asciz	"_ZL10img_arrays"               @ string offset=284
.Linfo_string11:
	.asciz	"signed char"                   @ string offset=300
.Linfo_string12:
	.asciz	"int8_t"                        @ string offset=312
.Linfo_string13:
	.asciz	"short"                         @ string offset=319
.Linfo_string14:
	.asciz	"int16_t"                       @ string offset=325
.Linfo_string15:
	.asciz	"int"                           @ string offset=333
.Linfo_string16:
	.asciz	"int32_t"                       @ string offset=337
.Linfo_string17:
	.asciz	"long long"                     @ string offset=345
.Linfo_string18:
	.asciz	"int64_t"                       @ string offset=355
.Linfo_string19:
	.asciz	"unsigned short"                @ string offset=363
.Linfo_string20:
	.asciz	"uint16_t"                      @ string offset=378
.Linfo_string21:
	.asciz	"unsigned int"                  @ string offset=387
.Linfo_string22:
	.asciz	"uint32_t"                      @ string offset=400
.Linfo_string23:
	.asciz	"unsigned long long"            @ string offset=409
.Linfo_string24:
	.asciz	"uint64_t"                      @ string offset=428
.Linfo_string25:
	.asciz	"int_least8_t"                  @ string offset=437
.Linfo_string26:
	.asciz	"int_least16_t"                 @ string offset=450
.Linfo_string27:
	.asciz	"int_least32_t"                 @ string offset=464
.Linfo_string28:
	.asciz	"int_least64_t"                 @ string offset=478
.Linfo_string29:
	.asciz	"uint_least8_t"                 @ string offset=492
.Linfo_string30:
	.asciz	"uint_least16_t"                @ string offset=506
.Linfo_string31:
	.asciz	"uint_least32_t"                @ string offset=521
.Linfo_string32:
	.asciz	"uint_least64_t"                @ string offset=536
.Linfo_string33:
	.asciz	"int_fast8_t"                   @ string offset=551
.Linfo_string34:
	.asciz	"int_fast16_t"                  @ string offset=563
.Linfo_string35:
	.asciz	"int_fast32_t"                  @ string offset=576
.Linfo_string36:
	.asciz	"int_fast64_t"                  @ string offset=589
.Linfo_string37:
	.asciz	"uint_fast8_t"                  @ string offset=602
.Linfo_string38:
	.asciz	"uint_fast16_t"                 @ string offset=615
.Linfo_string39:
	.asciz	"uint_fast32_t"                 @ string offset=629
.Linfo_string40:
	.asciz	"uint_fast64_t"                 @ string offset=643
.Linfo_string41:
	.asciz	"intptr_t"                      @ string offset=657
.Linfo_string42:
	.asciz	"uintptr_t"                     @ string offset=666
.Linfo_string43:
	.asciz	"intmax_t"                      @ string offset=676
.Linfo_string44:
	.asciz	"uintmax_t"                     @ string offset=685
.Linfo_string45:
	.asciz	"std"                           @ string offset=695
.Linfo_string46:
	.asciz	"__2"                           @ string offset=699
.Linfo_string47:
	.asciz	"_Z12get_filenamej"             @ string offset=703
.Linfo_string48:
	.asciz	"get_filename"                  @ string offset=721
.Linfo_string49:
	.asciz	"_Z13get_img_arrayj"            @ string offset=734
.Linfo_string50:
	.asciz	"get_img_array"                 @ string offset=753
.Linfo_string51:
	.asciz	"idx"                           @ string offset=767
	.ident	"Component: Arm Compiler for Embedded 6.19 Tool: armclang [5e73cb00]"
	.section	".note.GNU-stack","",%progbits
	.eabi_attribute	30, 1	@ Tag_ABI_optimization_goals
	.ARM_attribute	16, 1	@ Tag_AV_eba
	.section	.debug_line,"",%progbits
.Lline_table_start0:
